<?xml version="1.0" encoding="UTF-8"?>
<robot generator="Robot 4.0.2 (Python 3.9.6 on win32)" generated="20211018 14:49:21.208" rpa="false" schemaversion="2">
<suite id="s1" name="Login" source="c:\robotmobile\twp\tests\login.robot">
<test id="s1-t1" name="Deve logar com sucesso">
<kw name="Open Session" library="base" type="SETUP">
<kw name="Set Appium Timeout" library="AppiumLibrary">
<arg>5</arg>
<doc>Sets the timeout in seconds used by various keywords.</doc>
<status status="PASS" starttime="20211018 14:49:21.380" endtime="20211018 14:49:21.380"/>
</kw>
<kw name="Open Application" library="AppiumLibrary">
<arg>http://localhost:4723/wd/hub</arg>
<arg>automationName=UiAutomator2</arg>
<arg>platformName=Android</arg>
<arg>deviceName= Emulator</arg>
<arg>app=${EXECDIR}/app/twp.apk</arg>
<doc>Opens a new application to given Appium server.
Capabilities of appium server, Android and iOS,
Please check https://github.com/appium/appium/blob/master/docs/en/writing-running-appium/server-args.md
| *Option*            | *Man.* | *Description*     |
| remote_url          | Yes    | Appium server url |
| alias               | no     | alias             |</doc>
<status status="PASS" starttime="20211018 14:49:21.380" endtime="20211018 14:49:37.267"/>
</kw>
<kw name="Get Started" library="base">
<kw name="Wait Until Page Contains" library="AppiumLibrary">
<arg>${START}</arg>
<doc>Waits until `text` appears on current page.</doc>
<status status="PASS" starttime="20211018 14:49:37.268" endtime="20211018 14:49:41.493"/>
</kw>
<kw name="Click Text" library="AppiumLibrary">
<arg>${START}</arg>
<doc>Click text identified by ``text``.</doc>
<status status="PASS" starttime="20211018 14:49:41.494" endtime="20211018 14:49:41.719"/>
</kw>
<status status="PASS" starttime="20211018 14:49:37.267" endtime="20211018 14:49:41.719"/>
</kw>
<status status="PASS" starttime="20211018 14:49:21.380" endtime="20211018 14:49:41.720"/>
</kw>
<kw name="Open Nav" library="base">
<kw name="Wait Until Element Is Visible" library="AppiumLibrary">
<arg>${HAMBURGUER}</arg>
<doc>Waits until element specified with `locator` is visible.</doc>
<status status="PASS" starttime="20211018 14:49:41.721" endtime="20211018 14:49:42.954"/>
</kw>
<kw name="Click Element" library="AppiumLibrary">
<arg>${HAMBURGUER}</arg>
<doc>Click element identified by `locator`.</doc>
<msg timestamp="20211018 14:49:42.956" level="INFO">Clicking element 'xpath=//android.widget.ImageButton[@content-desc="Open navigation drawer"]'.</msg>
<status status="PASS" starttime="20211018 14:49:42.954" endtime="20211018 14:49:43.046"/>
</kw>
<kw name="Wait Until Element Is Visible" library="AppiumLibrary">
<arg>${NAV_VIEW}</arg>
<doc>Waits until element specified with `locator` is visible.</doc>
<status status="PASS" starttime="20211018 14:49:43.046" endtime="20211018 14:49:44.150"/>
</kw>
<status status="PASS" starttime="20211018 14:49:41.720" endtime="20211018 14:49:44.150"/>
</kw>
<kw name="Click Text" library="AppiumLibrary">
<arg>FORMS</arg>
<doc>Click text identified by ``text``.</doc>
<status status="PASS" starttime="20211018 14:49:44.151" endtime="20211018 14:49:44.287"/>
</kw>
<kw name="Wait Until Page Contains" library="AppiumLibrary">
<arg>FORMS</arg>
<doc>Waits until `text` appears on current page.</doc>
<status status="PASS" starttime="20211018 14:49:44.287" endtime="20211018 14:49:44.915"/>
</kw>
<kw name="Click Text" library="AppiumLibrary">
<arg>LOGIN</arg>
<doc>Click text identified by ``text``.</doc>
<status status="PASS" starttime="20211018 14:49:44.916" endtime="20211018 14:49:45.360"/>
</kw>
<kw name="Wait Until Page Contains" library="AppiumLibrary">
<arg>Fala QA, vamos testar o login?</arg>
<doc>Waits until `text` appears on current page.</doc>
<status status="PASS" starttime="20211018 14:49:45.360" endtime="20211018 14:49:46.463"/>
</kw>
<kw name="Input Text" library="AppiumLibrary">
<arg>id=io.qaninja.android.twp:id/etEmail</arg>
<arg>eu@papito.io</arg>
<doc>Types the given `text` into text field identified by `locator`.</doc>
<msg timestamp="20211018 14:49:46.465" level="INFO">Typing text 'eu@papito.io' into text field 'id=io.qaninja.android.twp:id/etEmail'</msg>
<status status="PASS" starttime="20211018 14:49:46.463" endtime="20211018 14:49:47.034"/>
</kw>
<kw name="Input Text" library="AppiumLibrary">
<arg>id=io.qaninja.android.twp:id/etPassword</arg>
<arg>qaninja</arg>
<doc>Types the given `text` into text field identified by `locator`.</doc>
<msg timestamp="20211018 14:49:47.036" level="INFO">Typing text 'qaninja' into text field 'id=io.qaninja.android.twp:id/etPassword'</msg>
<status status="PASS" starttime="20211018 14:49:47.035" endtime="20211018 14:49:48.097"/>
</kw>
<kw name="Click Element" library="AppiumLibrary">
<arg>id=io.qaninja.android.twp:id/btnSubmit</arg>
<doc>Click element identified by `locator`.</doc>
<msg timestamp="20211018 14:49:48.100" level="INFO">Clicking element 'id=io.qaninja.android.twp:id/btnSubmit'.</msg>
<status status="PASS" starttime="20211018 14:49:48.098" endtime="20211018 14:49:48.640"/>
</kw>
<kw name="Wait Until Page Contains" library="AppiumLibrary">
<arg>Show! Suas credenciais são validas.</arg>
<doc>Waits until `text` appears on current page.</doc>
<status status="PASS" starttime="20211018 14:49:48.642" endtime="20211018 14:49:48.794"/>
</kw>
<kw name="Close Session" library="base" type="TEARDOWN">
<kw name="Close Application" library="AppiumLibrary">
<doc>Closes the current application and also close webdriver session.</doc>
<status status="PASS" starttime="20211018 14:49:48.795" endtime="20211018 14:49:49.895"/>
</kw>
<status status="PASS" starttime="20211018 14:49:48.795" endtime="20211018 14:49:49.895"/>
</kw>
<status status="PASS" starttime="20211018 14:49:21.379" endtime="20211018 14:49:49.896"/>
</test>
<status status="PASS" starttime="20211018 14:49:21.210" endtime="20211018 14:49:49.897"/>
</suite>
<statistics>
<total>
<stat pass="1" fail="0" skip="0">All Tests</stat>
</total>
<tag>
</tag>
<suite>
<stat pass="1" fail="0" skip="0" id="s1" name="Login">Login</stat>
</suite>
</statistics>
<errors>
</errors>
</robot>
