<?xml version="1.0" encoding="UTF-8"?>
<robot generator="Robot 4.0.2 (Python 3.9.6 on win32)" generated="20211018 17:26:17.733" rpa="false" schemaversion="2">
<suite id="s1" name="Checkbox" source="c:\robotmobile\twp\tests\checkbox.robot">
<test id="s1-t1" name="Deve marcar a opção Robot Framework">
<kw name="Open Session" library="base" type="SETUP">
<kw name="Set Appium Timeout" library="AppiumLibrary">
<arg>5</arg>
<doc>Sets the timeout in seconds used by various keywords.</doc>
<status status="PASS" starttime="20211018 17:26:17.909" endtime="20211018 17:26:17.909"/>
</kw>
<kw name="Open Application" library="AppiumLibrary">
<arg>http://localhost:4723/wd/hub</arg>
<arg>automationName=UiAutomator2</arg>
<arg>platformName=Android</arg>
<arg>deviceName= Emulator</arg>
<arg>app=${EXECDIR}/app/twp.apk</arg>
<doc>Opens a new application to given Appium server.
Capabilities of appium server, Android and iOS,
Please check https://github.com/appium/appium/blob/master/docs/en/writing-running-appium/server-args.md
| *Option*            | *Man.* | *Description*     |
| remote_url          | Yes    | Appium server url |
| alias               | no     | alias             |</doc>
<status status="PASS" starttime="20211018 17:26:17.909" endtime="20211018 17:26:34.189"/>
</kw>
<kw name="Get Started" library="helpers">
<kw name="Wait Until Page Contains" library="AppiumLibrary">
<arg>${START}</arg>
<doc>Waits until `text` appears on current page.</doc>
<status status="PASS" starttime="20211018 17:26:34.190" endtime="20211018 17:26:38.250"/>
</kw>
<kw name="Click Text" library="AppiumLibrary">
<arg>${START}</arg>
<doc>Click text identified by ``text``.</doc>
<status status="PASS" starttime="20211018 17:26:38.250" endtime="20211018 17:26:38.436"/>
</kw>
<status status="PASS" starttime="20211018 17:26:34.189" endtime="20211018 17:26:38.437"/>
</kw>
<status status="PASS" starttime="20211018 17:26:17.909" endtime="20211018 17:26:38.437"/>
</kw>
<kw name="Go To Checkbox" library="helpers">
<kw name="Open Nav" library="helpers">
<kw name="Wait Until Element Is Visible" library="AppiumLibrary">
<arg>${HAMBURGUER}</arg>
<doc>Waits until element specified with `locator` is visible.</doc>
<status status="PASS" starttime="20211018 17:26:38.438" endtime="20211018 17:26:39.690"/>
</kw>
<kw name="Click Element" library="AppiumLibrary">
<arg>${HAMBURGUER}</arg>
<doc>Click element identified by `locator`.</doc>
<msg timestamp="20211018 17:26:39.693" level="INFO">Clicking element 'xpath=//android.widget.ImageButton[@content-desc="Open navigation drawer"]'.</msg>
<status status="PASS" starttime="20211018 17:26:39.690" endtime="20211018 17:26:39.783"/>
</kw>
<kw name="Wait Until Element Is Visible" library="AppiumLibrary">
<arg>${NAV_VIEW}</arg>
<doc>Waits until element specified with `locator` is visible.</doc>
<status status="PASS" starttime="20211018 17:26:39.784" endtime="20211018 17:26:40.840"/>
</kw>
<status status="PASS" starttime="20211018 17:26:38.438" endtime="20211018 17:26:40.841"/>
</kw>
<kw name="Click Text" library="AppiumLibrary">
<arg>INPUTS</arg>
<doc>Click text identified by ``text``.</doc>
<status status="PASS" starttime="20211018 17:26:40.841" endtime="20211018 17:26:40.960"/>
</kw>
<kw name="Wait Until Page Contains" library="AppiumLibrary">
<arg>INPUTS</arg>
<doc>Waits until `text` appears on current page.</doc>
<status status="PASS" starttime="20211018 17:26:40.960" endtime="20211018 17:26:41.588"/>
</kw>
<kw name="Click Text" library="AppiumLibrary">
<arg>CHECKBOX</arg>
<doc>Click text identified by ``text``.</doc>
<status status="PASS" starttime="20211018 17:26:41.588" endtime="20211018 17:26:42.056"/>
</kw>
<kw name="Wait Until Page Contains" library="AppiumLibrary">
<arg>Marque as techs que usam Appium</arg>
<doc>Waits until `text` appears on current page.</doc>
<status status="PASS" starttime="20211018 17:26:42.056" endtime="20211018 17:26:43.050"/>
</kw>
<status status="PASS" starttime="20211018 17:26:38.438" endtime="20211018 17:26:43.051"/>
</kw>
<kw name="Set Variable" library="BuiltIn">
<var>${element}</var>
<arg>xpath=//android.widget.CheckBox[contains(@text, 'Robot Framework')]</arg>
<doc>Returns the given values which can then be assigned to a variables.</doc>
<msg timestamp="20211018 17:26:43.052" level="INFO">${element} = xpath=//android.widget.CheckBox[contains(@text, 'Robot Framework')]</msg>
<status status="PASS" starttime="20211018 17:26:43.052" endtime="20211018 17:26:43.052"/>
</kw>
<kw name="Click Element" library="AppiumLibrary">
<arg>${element}</arg>
<doc>Click element identified by `locator`.</doc>
<msg timestamp="20211018 17:26:43.054" level="INFO">Clicking element 'xpath=//android.widget.CheckBox[contains(@text, 'Robot Framework')]'.</msg>
<status status="PASS" starttime="20211018 17:26:43.053" endtime="20211018 17:26:43.145"/>
</kw>
<kw name="Wait Until Element Is Visible" library="AppiumLibrary">
<arg>id=io.qaninja.android.twp:id/rvContainer</arg>
<doc>Waits until element specified with `locator` is visible.</doc>
<status status="PASS" starttime="20211018 17:26:43.145" endtime="20211018 17:26:44.054"/>
</kw>
<kw name="Element Attribute Should Match" library="AppiumLibrary">
<arg>${element}</arg>
<arg>checked</arg>
<arg>true</arg>
<doc>Verify that an attribute of an element matches the expected criteria.</doc>
<msg timestamp="20211018 17:26:44.109" level="INFO">Element 'xpath=//android.widget.CheckBox[contains(@text, 'Robot Framework')]' attribute 'checked' is 'true' </msg>
<status status="PASS" starttime="20211018 17:26:44.055" endtime="20211018 17:26:44.109"/>
</kw>
<kw name="Close Session" library="base" type="TEARDOWN">
<kw name="Close Application" library="AppiumLibrary">
<doc>Closes the current application and also close webdriver session.</doc>
<status status="PASS" starttime="20211018 17:26:44.110" endtime="20211018 17:26:45.150"/>
</kw>
<status status="PASS" starttime="20211018 17:26:44.110" endtime="20211018 17:26:45.150"/>
</kw>
<status status="PASS" starttime="20211018 17:26:17.907" endtime="20211018 17:26:45.151"/>
</test>
<status status="PASS" starttime="20211018 17:26:17.735" endtime="20211018 17:26:45.152"/>
</suite>
<statistics>
<total>
<stat pass="1" fail="0" skip="0">All Tests</stat>
</total>
<tag>
</tag>
<suite>
<stat pass="1" fail="0" skip="0" id="s1" name="Checkbox">Checkbox</stat>
</suite>
</statistics>
<errors>
</errors>
</robot>
