<?xml version="1.0" encoding="UTF-8"?>
<robot generator="Robot 4.0.2 (Python 3.9.6 on win32)" generated="20211018 12:32:45.964" rpa="false" schemaversion="2">
<suite id="s1" name="Nav" source="c:\robotmobile\twp\nav.robot">
<test id="s1-t1" name="Deve acessar a tela Dialogs">
<kw name="Open Session" type="SETUP">
<kw name="Set Appium Timeout" library="AppiumLibrary">
<arg>5</arg>
<doc>Sets the timeout in seconds used by various keywords.</doc>
<status status="PASS" starttime="20211018 12:32:46.132" endtime="20211018 12:32:46.132"/>
</kw>
<kw name="Open Application" library="AppiumLibrary">
<arg>http://localhost:4723/wd/hub</arg>
<arg>automationName=UiAutomator2</arg>
<arg>platformName=Android</arg>
<arg>deviceName= Emulator</arg>
<arg>app=${EXECDIR}/app/twp.apk</arg>
<doc>Opens a new application to given Appium server.
Capabilities of appium server, Android and iOS,
Please check https://github.com/appium/appium/blob/master/docs/en/writing-running-appium/server-args.md
| *Option*            | *Man.* | *Description*     |
| remote_url          | Yes    | Appium server url |
| alias               | no     | alias             |</doc>
<status status="PASS" starttime="20211018 12:32:46.132" endtime="20211018 12:33:01.061"/>
</kw>
<status status="PASS" starttime="20211018 12:32:46.131" endtime="20211018 12:33:01.061"/>
</kw>
<kw name="Get Started">
<kw name="Wait Until Page Contains" library="AppiumLibrary">
<arg>COMEÇAR</arg>
<doc>Waits until `text` appears on current page.</doc>
<status status="PASS" starttime="20211018 12:33:01.063" endtime="20211018 12:33:05.018"/>
</kw>
<kw name="Click Text" library="AppiumLibrary">
<arg>COMEÇAR</arg>
<doc>Click text identified by ``text``.</doc>
<status status="PASS" starttime="20211018 12:33:05.018" endtime="20211018 12:33:05.214"/>
</kw>
<status status="PASS" starttime="20211018 12:33:01.062" endtime="20211018 12:33:05.214"/>
</kw>
<kw name="Open Nav">
<kw name="Wait Until Element Is Visible" library="AppiumLibrary">
<arg>xpath=//android.widget.ImageButton[@content-desc="Open navigation drawer"]</arg>
<doc>Waits until element specified with `locator` is visible.</doc>
<status status="PASS" starttime="20211018 12:33:05.215" endtime="20211018 12:33:06.456"/>
</kw>
<kw name="Click Element" library="AppiumLibrary">
<arg>xpath=//android.widget.ImageButton[@content-desc="Open navigation drawer"]</arg>
<doc>Click element identified by `locator`.</doc>
<msg timestamp="20211018 12:33:06.458" level="INFO">Clicking element 'xpath=//android.widget.ImageButton[@content-desc="Open navigation drawer"]'.</msg>
<status status="PASS" starttime="20211018 12:33:06.456" endtime="20211018 12:33:06.550"/>
</kw>
<kw name="Wait Until Element Is Visible" library="AppiumLibrary">
<arg>id=io.qaninja.android.twp:id/navView</arg>
<doc>Waits until element specified with `locator` is visible.</doc>
<status status="PASS" starttime="20211018 12:33:06.550" endtime="20211018 12:33:07.628"/>
</kw>
<status status="PASS" starttime="20211018 12:33:05.215" endtime="20211018 12:33:07.628"/>
</kw>
<kw name="Click Text" library="AppiumLibrary">
<arg>DIALOGS</arg>
<doc>Click text identified by ``text``.</doc>
<status status="PASS" starttime="20211018 12:33:07.629" endtime="20211018 12:33:07.754"/>
</kw>
<kw name="Wait Until Element Is Visible" library="AppiumLibrary">
<arg>id=io.qaninja.android.twp:id/toolbarTitle</arg>
<doc>Waits until element specified with `locator` is visible.</doc>
<status status="PASS" starttime="20211018 12:33:07.754" endtime="20211018 12:33:08.762"/>
</kw>
<kw name="Element Text Should Be" library="AppiumLibrary">
<arg>id=io.qaninja.android.twp:id/toolbarTitle</arg>
<arg>DIALOGS</arg>
<doc>Verifies element identified by ``locator`` exactly contains text ``expected``.</doc>
<msg timestamp="20211018 12:33:08.764" level="INFO">Verifying element 'id=io.qaninja.android.twp:id/toolbarTitle' contains exactly text 'DIALOGS'.</msg>
<status status="PASS" starttime="20211018 12:33:08.762" endtime="20211018 12:33:08.806"/>
</kw>
<kw name="Close Session" type="TEARDOWN">
<kw name="Close Application" library="AppiumLibrary">
<doc>Closes the current application and also close webdriver session.</doc>
<status status="PASS" starttime="20211018 12:33:08.808" endtime="20211018 12:33:09.743"/>
</kw>
<status status="PASS" starttime="20211018 12:33:08.808" endtime="20211018 12:33:09.743"/>
</kw>
<status status="PASS" starttime="20211018 12:32:46.131" endtime="20211018 12:33:09.743"/>
</test>
<test id="s1-t2" name="Deve acessar a tela de formulários">
<kw name="Open Session" type="SETUP">
<kw name="Set Appium Timeout" library="AppiumLibrary">
<arg>5</arg>
<doc>Sets the timeout in seconds used by various keywords.</doc>
<status status="PASS" starttime="20211018 12:33:09.746" endtime="20211018 12:33:09.746"/>
</kw>
<kw name="Open Application" library="AppiumLibrary">
<arg>http://localhost:4723/wd/hub</arg>
<arg>automationName=UiAutomator2</arg>
<arg>platformName=Android</arg>
<arg>deviceName= Emulator</arg>
<arg>app=${EXECDIR}/app/twp.apk</arg>
<doc>Opens a new application to given Appium server.
Capabilities of appium server, Android and iOS,
Please check https://github.com/appium/appium/blob/master/docs/en/writing-running-appium/server-args.md
| *Option*            | *Man.* | *Description*     |
| remote_url          | Yes    | Appium server url |
| alias               | no     | alias             |</doc>
<status status="PASS" starttime="20211018 12:33:09.746" endtime="20211018 12:33:26.844"/>
</kw>
<status status="PASS" starttime="20211018 12:33:09.745" endtime="20211018 12:33:26.845"/>
</kw>
<kw name="Get Started">
<kw name="Wait Until Page Contains" library="AppiumLibrary">
<arg>COMEÇAR</arg>
<doc>Waits until `text` appears on current page.</doc>
<status status="PASS" starttime="20211018 12:33:26.846" endtime="20211018 12:33:30.733"/>
</kw>
<kw name="Click Text" library="AppiumLibrary">
<arg>COMEÇAR</arg>
<doc>Click text identified by ``text``.</doc>
<status status="PASS" starttime="20211018 12:33:30.734" endtime="20211018 12:33:30.931"/>
</kw>
<status status="PASS" starttime="20211018 12:33:26.846" endtime="20211018 12:33:30.932"/>
</kw>
<kw name="Open Nav">
<kw name="Wait Until Element Is Visible" library="AppiumLibrary">
<arg>xpath=//android.widget.ImageButton[@content-desc="Open navigation drawer"]</arg>
<doc>Waits until element specified with `locator` is visible.</doc>
<status status="PASS" starttime="20211018 12:33:30.933" endtime="20211018 12:33:32.165"/>
</kw>
<kw name="Click Element" library="AppiumLibrary">
<arg>xpath=//android.widget.ImageButton[@content-desc="Open navigation drawer"]</arg>
<doc>Click element identified by `locator`.</doc>
<msg timestamp="20211018 12:33:32.166" level="INFO">Clicking element 'xpath=//android.widget.ImageButton[@content-desc="Open navigation drawer"]'.</msg>
<status status="PASS" starttime="20211018 12:33:32.165" endtime="20211018 12:33:32.261"/>
</kw>
<kw name="Wait Until Element Is Visible" library="AppiumLibrary">
<arg>id=io.qaninja.android.twp:id/navView</arg>
<doc>Waits until element specified with `locator` is visible.</doc>
<status status="PASS" starttime="20211018 12:33:32.261" endtime="20211018 12:33:33.295"/>
</kw>
<status status="PASS" starttime="20211018 12:33:30.932" endtime="20211018 12:33:33.295"/>
</kw>
<kw name="Click Text" library="AppiumLibrary">
<arg>FORMS</arg>
<doc>Click text identified by ``text``.</doc>
<status status="PASS" starttime="20211018 12:33:33.296" endtime="20211018 12:33:33.421"/>
</kw>
<kw name="Wait Until Element Is Visible" library="AppiumLibrary">
<arg>id=io.qaninja.android.twp:id/toolbarTitle</arg>
<doc>Waits until element specified with `locator` is visible.</doc>
<status status="PASS" starttime="20211018 12:33:33.421" endtime="20211018 12:33:34.421"/>
</kw>
<kw name="Element Text Should Be" library="AppiumLibrary">
<arg>id=io.qaninja.android.twp:id/toolbarTitle</arg>
<arg>FORMS</arg>
<doc>Verifies element identified by ``locator`` exactly contains text ``expected``.</doc>
<msg timestamp="20211018 12:33:34.424" level="INFO">Verifying element 'id=io.qaninja.android.twp:id/toolbarTitle' contains exactly text 'FORMS'.</msg>
<status status="PASS" starttime="20211018 12:33:34.422" endtime="20211018 12:33:34.471"/>
</kw>
<kw name="Close Session" type="TEARDOWN">
<kw name="Close Application" library="AppiumLibrary">
<doc>Closes the current application and also close webdriver session.</doc>
<status status="PASS" starttime="20211018 12:33:34.472" endtime="20211018 12:33:35.404"/>
</kw>
<status status="PASS" starttime="20211018 12:33:34.472" endtime="20211018 12:33:35.404"/>
</kw>
<status status="PASS" starttime="20211018 12:33:09.744" endtime="20211018 12:33:35.405"/>
</test>
<test id="s1-t3" name="Deve acessar a tela de vingadores">
<kw name="Open Session" type="SETUP">
<kw name="Set Appium Timeout" library="AppiumLibrary">
<arg>5</arg>
<doc>Sets the timeout in seconds used by various keywords.</doc>
<status status="PASS" starttime="20211018 12:33:35.407" endtime="20211018 12:33:35.407"/>
</kw>
<kw name="Open Application" library="AppiumLibrary">
<arg>http://localhost:4723/wd/hub</arg>
<arg>automationName=UiAutomator2</arg>
<arg>platformName=Android</arg>
<arg>deviceName= Emulator</arg>
<arg>app=${EXECDIR}/app/twp.apk</arg>
<doc>Opens a new application to given Appium server.
Capabilities of appium server, Android and iOS,
Please check https://github.com/appium/appium/blob/master/docs/en/writing-running-appium/server-args.md
| *Option*            | *Man.* | *Description*     |
| remote_url          | Yes    | Appium server url |
| alias               | no     | alias             |</doc>
<status status="PASS" starttime="20211018 12:33:35.407" endtime="20211018 12:33:53.168"/>
</kw>
<status status="PASS" starttime="20211018 12:33:35.406" endtime="20211018 12:33:53.169"/>
</kw>
<kw name="Get Started">
<kw name="Wait Until Page Contains" library="AppiumLibrary">
<arg>COMEÇAR</arg>
<doc>Waits until `text` appears on current page.</doc>
<status status="PASS" starttime="20211018 12:33:53.170" endtime="20211018 12:33:56.852"/>
</kw>
<kw name="Click Text" library="AppiumLibrary">
<arg>COMEÇAR</arg>
<doc>Click text identified by ``text``.</doc>
<status status="PASS" starttime="20211018 12:33:56.852" endtime="20211018 12:33:57.056"/>
</kw>
<status status="PASS" starttime="20211018 12:33:53.169" endtime="20211018 12:33:57.056"/>
</kw>
<kw name="Open Nav">
<kw name="Wait Until Element Is Visible" library="AppiumLibrary">
<arg>xpath=//android.widget.ImageButton[@content-desc="Open navigation drawer"]</arg>
<doc>Waits until element specified with `locator` is visible.</doc>
<status status="PASS" starttime="20211018 12:33:57.057" endtime="20211018 12:33:58.292"/>
</kw>
<kw name="Click Element" library="AppiumLibrary">
<arg>xpath=//android.widget.ImageButton[@content-desc="Open navigation drawer"]</arg>
<doc>Click element identified by `locator`.</doc>
<msg timestamp="20211018 12:33:58.293" level="INFO">Clicking element 'xpath=//android.widget.ImageButton[@content-desc="Open navigation drawer"]'.</msg>
<status status="PASS" starttime="20211018 12:33:58.292" endtime="20211018 12:33:58.386"/>
</kw>
<kw name="Wait Until Element Is Visible" library="AppiumLibrary">
<arg>id=io.qaninja.android.twp:id/navView</arg>
<doc>Waits until element specified with `locator` is visible.</doc>
<status status="PASS" starttime="20211018 12:33:58.386" endtime="20211018 12:33:59.444"/>
</kw>
<status status="PASS" starttime="20211018 12:33:57.057" endtime="20211018 12:33:59.445"/>
</kw>
<kw name="Click Text" library="AppiumLibrary">
<arg>AVENGERS</arg>
<doc>Click text identified by ``text``.</doc>
<status status="PASS" starttime="20211018 12:33:59.445" endtime="20211018 12:33:59.561"/>
</kw>
<kw name="Wait Until Element Is Visible" library="AppiumLibrary">
<arg>id=io.qaninja.android.twp:id/toolbarTitle</arg>
<doc>Waits until element specified with `locator` is visible.</doc>
<status status="PASS" starttime="20211018 12:33:59.562" endtime="20211018 12:34:00.562"/>
</kw>
<kw name="Element Text Should Be" library="AppiumLibrary">
<arg>id=io.qaninja.android.twp:id/toolbarTitle</arg>
<arg>AVENGERS</arg>
<doc>Verifies element identified by ``locator`` exactly contains text ``expected``.</doc>
<msg timestamp="20211018 12:34:00.564" level="INFO">Verifying element 'id=io.qaninja.android.twp:id/toolbarTitle' contains exactly text 'AVENGERS'.</msg>
<status status="PASS" starttime="20211018 12:34:00.563" endtime="20211018 12:34:01.193"/>
</kw>
<kw name="Close Session" type="TEARDOWN">
<kw name="Close Application" library="AppiumLibrary">
<doc>Closes the current application and also close webdriver session.</doc>
<status status="PASS" starttime="20211018 12:34:01.194" endtime="20211018 12:34:02.086"/>
</kw>
<status status="PASS" starttime="20211018 12:34:01.194" endtime="20211018 12:34:02.086"/>
</kw>
<status status="PASS" starttime="20211018 12:33:35.406" endtime="20211018 12:34:02.086"/>
</test>
<status status="PASS" starttime="20211018 12:32:45.967" endtime="20211018 12:34:02.088"/>
</suite>
<statistics>
<total>
<stat pass="3" fail="0" skip="0">All Tests</stat>
</total>
<tag>
</tag>
<suite>
<stat pass="3" fail="0" skip="0" id="s1" name="Nav">Nav</stat>
</suite>
</statistics>
<errors>
</errors>
</robot>
