<?xml version="1.0" encoding="UTF-8"?>
<robot generator="Robot 4.0.2 (Python 3.9.6 on win32)" generated="20211018 12:20:54.884" rpa="false" schemaversion="2">
<suite id="s1" name="Nav" source="c:\robotmobile\twp\nav.robot">
<kw name="Open Session" type="SETUP">
<kw name="Set Appium Timeout" library="AppiumLibrary">
<arg>5</arg>
<doc>Sets the timeout in seconds used by various keywords.</doc>
<status status="PASS" starttime="20211018 12:20:55.873" endtime="20211018 12:20:55.873"/>
</kw>
<kw name="Open Application" library="AppiumLibrary">
<arg>http://localhost:4723/wd/hub</arg>
<arg>automationName=UiAutomator2</arg>
<arg>platformName=Android</arg>
<arg>deviceName= Emulator</arg>
<arg>app=${EXECDIR}/app/twp.apk</arg>
<doc>Opens a new application to given Appium server.
Capabilities of appium server, Android and iOS,
Please check https://github.com/appium/appium/blob/master/docs/en/writing-running-appium/server-args.md
| *Option*            | *Man.* | *Description*     |
| remote_url          | Yes    | Appium server url |
| alias               | no     | alias             |</doc>
<status status="PASS" starttime="20211018 12:20:55.873" endtime="20211018 12:21:12.010"/>
</kw>
<status status="PASS" starttime="20211018 12:20:55.872" endtime="20211018 12:21:12.011"/>
</kw>
<test id="s1-t1" name="Deve acessar a tela Dialogs">
<kw name="Wait Until Page Contains" library="AppiumLibrary">
<arg>COMEÇAR</arg>
<doc>Waits until `text` appears on current page.</doc>
<status status="PASS" starttime="20211018 12:21:12.012" endtime="20211018 12:21:16.004"/>
</kw>
<kw name="Click Text" library="AppiumLibrary">
<arg>COMEÇAR</arg>
<doc>Click text identified by ``text``.</doc>
<status status="PASS" starttime="20211018 12:21:16.005" endtime="20211018 12:21:16.205"/>
</kw>
<kw name="Wait Until Element Is Visible" library="AppiumLibrary">
<arg>xpath=//android.widget.ImageButton[@content-desc="Open navigation drawer"]</arg>
<doc>Waits until element specified with `locator` is visible.</doc>
<status status="PASS" starttime="20211018 12:21:16.206" endtime="20211018 12:21:17.518"/>
</kw>
<kw name="Click Element" library="AppiumLibrary">
<arg>xpath=//android.widget.ImageButton[@content-desc="Open navigation drawer"]</arg>
<doc>Click element identified by `locator`.</doc>
<msg timestamp="20211018 12:21:17.520" level="INFO">Clicking element 'xpath=//android.widget.ImageButton[@content-desc="Open navigation drawer"]'.</msg>
<status status="PASS" starttime="20211018 12:21:17.519" endtime="20211018 12:21:17.585"/>
</kw>
<kw name="Wait Until Element Is Visible" library="AppiumLibrary">
<arg>id=io.qaninja.android.twp:id/navView</arg>
<doc>Waits until element specified with `locator` is visible.</doc>
<status status="PASS" starttime="20211018 12:21:17.586" endtime="20211018 12:21:18.660"/>
</kw>
<kw name="Click Text" library="AppiumLibrary">
<arg>DIALOGS</arg>
<doc>Click text identified by ``text``.</doc>
<status status="PASS" starttime="20211018 12:21:18.662" endtime="20211018 12:21:18.782"/>
</kw>
<kw name="Wait Until Element Is Visible" library="AppiumLibrary">
<arg>id=io.qaninja.android.twp:id/toolbarTitle</arg>
<doc>Waits until element specified with `locator` is visible.</doc>
<status status="PASS" starttime="20211018 12:21:18.783" endtime="20211018 12:21:19.764"/>
</kw>
<kw name="Element Text Should Be" library="AppiumLibrary">
<arg>id=io.qaninja.android.twp:id/toolbarTitle</arg>
<arg>DIALOGS</arg>
<doc>Verifies element identified by ``locator`` exactly contains text ``expected``.</doc>
<msg timestamp="20211018 12:21:19.766" level="INFO">Verifying element 'id=io.qaninja.android.twp:id/toolbarTitle' contains exactly text 'DIALOGS'.</msg>
<status status="PASS" starttime="20211018 12:21:19.765" endtime="20211018 12:21:19.796"/>
</kw>
<status status="PASS" starttime="20211018 12:21:12.011" endtime="20211018 12:21:19.796"/>
</test>
<test id="s1-t2" name="Deve acessar a tela de formulários">
<kw name="Wait Until Page Contains" library="AppiumLibrary">
<arg>COMEÇAR</arg>
<doc>Waits until `text` appears on current page.</doc>
<msg timestamp="20211018 12:21:25.237" level="INFO">&lt;?xml version='1.0' encoding='UTF-8' standalone='yes' ?&gt;
&lt;hierarchy index="0" class="hierarchy" rotation="0" width="1080" height="1794"&gt;
  &lt;android.widget.FrameLayout index="0" package="io.qaninja.android.twp" class="android.widget.FrameLayout" text="" checkable="false" checked="false" clickable="false" enabled="true" focusable="false" focused="false" long-clickable="false" password="false" scrollable="false" selected="false" bounds="[0,0][1080,1794]" displayed="true"&gt;
    &lt;android.widget.LinearLayout index="0" package="io.qaninja.android.twp" class="android.widget.LinearLayout" text="" checkable="false" checked="false" clickable="false" enabled="true" focusable="false" focused="false" long-clickable="false" password="false" scrollable="false" selected="false" bounds="[0,0][1080,1794]" displayed="true"&gt;
      &lt;android.widget.FrameLayout index="0" package="io.qaninja.android.twp" class="android.widget.FrameLayout" text="" checkable="false" checked="false" clickable="false" enabled="true" focusable="false" focused="false" long-clickable="false" password="false" scrollable="false" selected="false" bounds="[0,0][1080,1794]" displayed="true"&gt;
        &lt;android.widget.LinearLayout index="0" package="io.qaninja.android.twp" class="android.widget.LinearLayout" text="" resource-id="io.qaninja.android.twp:id/action_bar_root" checkable="false" checked="false" clickable="false" enabled="true" focusable="false" focused="false" long-clickable="false" password="false" scrollable="false" selected="false" bounds="[0,0][1080,1794]" displayed="true"&gt;
          &lt;android.widget.FrameLayout index="0" package="io.qaninja.android.twp" class="android.widget.FrameLayout" text="" resource-id="android:id/content" checkable="false" checked="false" clickable="false" enabled="true" focusable="false" focused="false" long-clickable="false" password="false" scrollable="false" selected="false" bounds="[0,0][1080,1794]" displayed="true"&gt;
            &lt;androidx.drawerlayout.widget.DrawerLayout index="0" package="io.qaninja.android.twp" class="androidx.drawerlayout.widget.DrawerLayout" text="" resource-id="io.qaninja.android.twp:id/drawerLayout" checkable="false" checked="false" clickable="false" enabled="true" focusable="false" focused="false" long-clickable="false" password="false" scrollable="false" selected="false" bounds="[0,0][1080,1794]" displayed="true"&gt;
              &lt;android.view.ViewGroup index="0" package="io.qaninja.android.twp" class="android.view.ViewGroup" text="" checkable="false" checked="false" clickable="false" enabled="true" focusable="false" focused="false" long-clickable="false" password="false" scrollable="false" selected="false" bounds="[0,63][1080,1794]" displayed="true"&gt;
                &lt;android.widget.LinearLayout index="0" package="io.qaninja.android.twp" class="android.widget.LinearLayout" text="" checkable="false" checked="false" clickable="false" enabled="true" focusable="false" focused="false" long-clickable="false" password="false" scrollable="false" selected="false" bounds="[0,63][1080,210]" displayed="true"&gt;
                  &lt;android.view.ViewGroup index="0" package="io.qaninja.android.twp" class="android.view.ViewGroup" text="" resource-id="io.qaninja.android.twp:id/toolbar" checkable="false" checked="false" clickable="false" enabled="true" focusable="false" focused="false" long-clickable="false" password="false" scrollable="false" selected="false" bounds="[0,63][1080,210]" displayed="true"&gt;
                    &lt;android.widget.ImageButton index="0" package="io.qaninja.android.twp" class="android.widget.ImageButton" text="" content-desc="Open navigation drawer" checkable="false" checked="false" clickable="true" enabled="true" focusable="true" focused="false" long-clickable="false" password="false" scrollable="false" selected="false" bounds="[0,63][147,210]" displayed="true" /&gt;
                    &lt;android.view.ViewGroup index="1" package="io.qaninja.android.twp" class="android.view.ViewGroup" text="" checkable="false" checked="false" clickable="false" enabled="true" focusable="false" focused="false" long-clickable="false" password="false" scrollable="false" selected="false" bounds="[189,63][1080,210]" displayed="true"&gt;
                      &lt;android.widget.TextView index="0" package="io.qaninja.android.twp" class="android.widget.TextView" text="DIALOGS" resource-id="io.qaninja.android.twp:id/toolbarTitle" checkable="false" checked="false" clickable="false" enabled="true" focusable="false" focused="false" long-clickable="false" password="false" scrollable="false" selected="false" bounds="[189,115][888,158]" displayed="true" /&gt;
                      &lt;android.widget.Button index="1" package="io.qaninja.android.twp" class="android.widget.Button" text="QA NINJA" resource-id="io.qaninja.android.twp:id/btnBuyNowToolbar" checkable="false" checked="false" clickable="true" enabled="true" focusable="true" focused="false" long-clickable="false" password="false" scrollable="false" selected="false" bounds="[888,96][1059,177]" displayed="true" /&gt;
                    &lt;/android.view.ViewGroup&gt;
                  &lt;/android.view.ViewGroup&gt;
                &lt;/android.widget.LinearLayout&gt;
                &lt;android.view.ViewGroup index="1" package="io.qaninja.android.twp" class="android.view.ViewGroup" text="" checkable="false" checked="false" clickable="false" enabled="true" focusable="false" focused="false" long-clickable="false" password="false" scrollable="false" selected="false" bounds="[0,210][1080,1794]" displayed="true"&gt;
                  &lt;android.widget.FrameLayout index="0" package="io.qaninja.android.twp" class="android.widget.FrameLayout" text="" resource-id="io.qaninja.android.twp:id/main_container" checkable="false" checked="false" clickable="false" enabled="true" focusable="false" focused="false" long-clickable="false" password="false" scrollable="false" selected="false" bounds="[0,210][1080,1794]" displayed="true"&gt;
                    &lt;android.view.ViewGroup index="0" package="io.qaninja.android.twp" class="android.view.ViewGroup" text="" resource-id="io.qaninja.android.twp:id/swipeRefresh" checkable="false" checked="false" clickable="false" enabled="true" focusable="false" focused="false" long-clickable="false" password="false" scrollable="false" selected="false" bounds="[0,210][1080,1794]" displayed="true"&gt;
                      &lt;androidx.recyclerview.widget.RecyclerView index="0" package="io.qaninja.android.twp" class="androidx.recyclerview.widget.RecyclerView" text="" resource-id="io.qaninja.android.twp:id/rvSubMenu" checkable="false" checked="false" clickable="false" enabled="true" focusable="true" focused="false" long-clickable="false" password="false" scrollable="false" selected="false" bounds="[0,210][1080,1794]" displayed="true"&gt;
                        &lt;android.widget.FrameLayout index="0" package="io.qaninja.android.twp" class="android.widget.FrameLayout" text="" checkable="false" checked="false" clickable="true" enabled="true" focusable="true" focused="false" long-clickable="false" password="false" scrollable="false" selected="false" bounds="[21,231][1059,838]" displayed="true"&gt;
                          &lt;android.widget.LinearLayout index="0" package="io.qaninja.android.twp" class="android.widget.LinearLayout" text="" checkable="false" checked="false" clickable="false" enabled="true" focusable="false" focused="false" long-clickable="false" password="false" scrollable="false" selected="false" bounds="[28,241][1052,828]" displayed="true"&gt;
                            &lt;android.widget.FrameLayout index="0" package="io.qaninja.android.twp" class="android.widget.FrameLayout" text="" checkable="false" checked="false" clickable="false" enabled="true" focusable="false" focused="false" long-clickable="false" password="false" scrollable="false" selected="false" bounds="[28,241][1052,687]" displayed="true"&gt;
                              &lt;android.widget.ImageView index="0" package="io.qaninja.android.twp" class="android.widget.ImageView" text="" content-desc="Icon" resource-id="io.qaninja.android.twp:id/ivItemIcon" checkable="false" checked="false" clickable="false" enabled="true" focusable="false" focused="false" long-clickable="false" password="false" scrollable="false" selected="false" bounds="[474,385][605,543]" displayed="true" /&gt;
                            &lt;/android.widget.FrameLayout&gt;
                            &lt;android.widget.TextView index="1" package="io.qaninja.android.twp" class="android.widget.TextView" text="INFO" resource-id="io.qaninja.android.twp:id/tvItemTitle" checkable="false" checked="false" clickable="false" enabled="true" focusable="false" focused="false" long-clickable="false" password="false" scrollable="false" selected="false" bounds="[28,687][1052,828]" displayed="true" /&gt;
                          &lt;/android.widget.LinearLayout&gt;
                        &lt;/android.widget.FrameLayout&gt;
                      &lt;/androidx.recyclerview.widget.RecyclerView&gt;
                    &lt;/android.view.ViewGroup&gt;
                  &lt;/android.widget.FrameLayout&gt;
                &lt;/android.view.ViewGroup&gt;
              &lt;/android.view.ViewGroup&gt;
            &lt;/androidx.drawerlayout.widget.DrawerLayout&gt;
          &lt;/android.widget.FrameLayout&gt;
        &lt;/android.widget.LinearLayout&gt;
      &lt;/android.widget.FrameLayout&gt;
    &lt;/android.widget.LinearLayout&gt;
  &lt;/android.widget.FrameLayout&gt;
&lt;/hierarchy&gt;</msg>
<kw name="Capture Page Screenshot" library="AppiumLibrary">
<doc>Takes a screenshot of the current page and embeds it into the log.</doc>
<msg timestamp="20211018 12:21:25.721" level="INFO" html="true">&lt;/td&gt;&lt;/tr&gt;&lt;tr&gt;&lt;td colspan="3"&gt;&lt;a href="appium-screenshot-1.png"&gt;&lt;img src="appium-screenshot-1.png" width="800px"&gt;&lt;/a&gt;</msg>
<status status="PASS" starttime="20211018 12:21:25.238" endtime="20211018 12:21:25.721"/>
</kw>
<msg timestamp="20211018 12:21:25.722" level="FAIL">Text 'COMEÇAR' did not appear in 5 seconds</msg>
<status status="FAIL" starttime="20211018 12:21:19.798" endtime="20211018 12:21:25.722"/>
</kw>
<kw name="Click Text" library="AppiumLibrary">
<arg>COMEÇAR</arg>
<doc>Click text identified by ``text``.</doc>
<status status="NOT RUN" starttime="20211018 12:21:25.723" endtime="20211018 12:21:25.723"/>
</kw>
<kw name="Wait Until Element Is Visible" library="AppiumLibrary">
<arg>xpath=//android.widget.ImageButton[@content-desc="Open navigation drawer"]</arg>
<doc>Waits until element specified with `locator` is visible.</doc>
<status status="NOT RUN" starttime="20211018 12:21:25.723" endtime="20211018 12:21:25.723"/>
</kw>
<kw name="Click Element" library="AppiumLibrary">
<arg>xpath=//android.widget.ImageButton[@content-desc="Open navigation drawer"]</arg>
<doc>Click element identified by `locator`.</doc>
<status status="NOT RUN" starttime="20211018 12:21:25.723" endtime="20211018 12:21:25.723"/>
</kw>
<kw name="Wait Until Element Is Visible" library="AppiumLibrary">
<arg>id=io.qaninja.android.twp:id/navView</arg>
<doc>Waits until element specified with `locator` is visible.</doc>
<status status="NOT RUN" starttime="20211018 12:21:25.724" endtime="20211018 12:21:25.724"/>
</kw>
<kw name="Click Text" library="AppiumLibrary">
<arg>FORMS</arg>
<doc>Click text identified by ``text``.</doc>
<status status="NOT RUN" starttime="20211018 12:21:25.724" endtime="20211018 12:21:25.724"/>
</kw>
<kw name="Wait Until Element Is Visible" library="AppiumLibrary">
<arg>id=io.qaninja.android.twp:id/toolbarTitle</arg>
<doc>Waits until element specified with `locator` is visible.</doc>
<status status="NOT RUN" starttime="20211018 12:21:25.724" endtime="20211018 12:21:25.724"/>
</kw>
<kw name="Element Text Should Be" library="AppiumLibrary">
<arg>id=io.qaninja.android.twp:id/toolbarTitle</arg>
<arg>FORMS</arg>
<doc>Verifies element identified by ``locator`` exactly contains text ``expected``.</doc>
<status status="NOT RUN" starttime="20211018 12:21:25.725" endtime="20211018 12:21:25.725"/>
</kw>
<status status="FAIL" starttime="20211018 12:21:19.797" endtime="20211018 12:21:25.725">Text 'COMEÇAR' did not appear in 5 seconds</status>
</test>
<kw name="Close Session" type="TEARDOWN">
<kw name="Close Application" library="AppiumLibrary">
<doc>Closes the current application and also close webdriver session.</doc>
<status status="PASS" starttime="20211018 12:21:25.727" endtime="20211018 12:21:26.720"/>
</kw>
<status status="PASS" starttime="20211018 12:21:25.727" endtime="20211018 12:21:26.720"/>
</kw>
<status status="FAIL" starttime="20211018 12:20:54.885" endtime="20211018 12:21:26.720"/>
</suite>
<statistics>
<total>
<stat pass="1" fail="1" skip="0">All Tests</stat>
</total>
<tag>
</tag>
<suite>
<stat pass="1" fail="1" skip="0" id="s1" name="Nav">Nav</stat>
</suite>
</statistics>
<errors>
</errors>
</robot>
