<?xml version="1.0" encoding="UTF-8"?>
<robot generator="Robot 4.0.2 (Python 3.9.6 on win32)" generated="20211018 12:43:25.672" rpa="false" schemaversion="2">
<suite id="s1" name="Nav" source="c:\robotmobile\twp\tests\nav.robot">
<test id="s1-t1" name="Deve acessar a tela Dialogs">
<kw name="Open Session" library="base" type="SETUP">
<kw name="Set Appium Timeout" library="AppiumLibrary">
<arg>5</arg>
<doc>Sets the timeout in seconds used by various keywords.</doc>
<status status="PASS" starttime="20211018 12:43:25.853" endtime="20211018 12:43:25.853"/>
</kw>
<kw name="Open Application" library="AppiumLibrary">
<arg>http://localhost:4723/wd/hub</arg>
<arg>automationName=UiAutomator2</arg>
<arg>platformName=Android</arg>
<arg>deviceName= Emulator</arg>
<arg>app=${EXECDIR}/app/twp.apk</arg>
<doc>Opens a new application to given Appium server.
Capabilities of appium server, Android and iOS,
Please check https://github.com/appium/appium/blob/master/docs/en/writing-running-appium/server-args.md
| *Option*            | *Man.* | *Description*     |
| remote_url          | Yes    | Appium server url |
| alias               | no     | alias             |</doc>
<status status="PASS" starttime="20211018 12:43:25.853" endtime="20211018 12:43:41.372"/>
</kw>
<status status="PASS" starttime="20211018 12:43:25.852" endtime="20211018 12:43:41.373"/>
</kw>
<kw name="Get Started" library="base">
<kw name="Wait Until Page Contains" library="AppiumLibrary">
<arg>COMEÇAR</arg>
<doc>Waits until `text` appears on current page.</doc>
<status status="PASS" starttime="20211018 12:43:41.374" endtime="20211018 12:43:45.764"/>
</kw>
<kw name="Click Text" library="AppiumLibrary">
<arg>COMEÇAR</arg>
<doc>Click text identified by ``text``.</doc>
<status status="PASS" starttime="20211018 12:43:45.764" endtime="20211018 12:43:46.008"/>
</kw>
<status status="PASS" starttime="20211018 12:43:41.374" endtime="20211018 12:43:46.008"/>
</kw>
<kw name="Open Nav" library="base">
<kw name="Wait Until Element Is Visible" library="AppiumLibrary">
<arg>xpath=//android.widget.ImageButton[@content-desc="Open navigation drawer"]</arg>
<doc>Waits until element specified with `locator` is visible.</doc>
<status status="PASS" starttime="20211018 12:43:46.009" endtime="20211018 12:43:47.242"/>
</kw>
<kw name="Click Element" library="AppiumLibrary">
<arg>xpath=//android.widget.ImageButton[@content-desc="Open navigation drawer"]</arg>
<doc>Click element identified by `locator`.</doc>
<msg timestamp="20211018 12:43:47.243" level="INFO">Clicking element 'xpath=//android.widget.ImageButton[@content-desc="Open navigation drawer"]'.</msg>
<status status="PASS" starttime="20211018 12:43:47.242" endtime="20211018 12:43:47.325"/>
</kw>
<kw name="Wait Until Element Is Visible" library="AppiumLibrary">
<arg>id=io.qaninja.android.twp:id/navView</arg>
<doc>Waits until element specified with `locator` is visible.</doc>
<status status="PASS" starttime="20211018 12:43:47.325" endtime="20211018 12:43:48.384"/>
</kw>
<status status="PASS" starttime="20211018 12:43:46.009" endtime="20211018 12:43:48.384"/>
</kw>
<kw name="Click Text" library="AppiumLibrary">
<arg>DIALOGS</arg>
<doc>Click text identified by ``text``.</doc>
<status status="PASS" starttime="20211018 12:43:48.385" endtime="20211018 12:43:48.504"/>
</kw>
<kw name="Wait Until Element Is Visible" library="AppiumLibrary">
<arg>id=io.qaninja.android.twp:id/toolbarTitle</arg>
<doc>Waits until element specified with `locator` is visible.</doc>
<status status="PASS" starttime="20211018 12:43:48.505" endtime="20211018 12:43:49.507"/>
</kw>
<kw name="Element Text Should Be" library="AppiumLibrary">
<arg>id=io.qaninja.android.twp:id/toolbarTitle</arg>
<arg>DIALOGS</arg>
<doc>Verifies element identified by ``locator`` exactly contains text ``expected``.</doc>
<msg timestamp="20211018 12:43:49.510" level="INFO">Verifying element 'id=io.qaninja.android.twp:id/toolbarTitle' contains exactly text 'DIALOGS'.</msg>
<status status="PASS" starttime="20211018 12:43:49.508" endtime="20211018 12:43:49.551"/>
</kw>
<kw name="Close Session" library="base" type="TEARDOWN">
<kw name="Close Application" library="AppiumLibrary">
<doc>Closes the current application and also close webdriver session.</doc>
<status status="PASS" starttime="20211018 12:43:49.552" endtime="20211018 12:43:50.507"/>
</kw>
<status status="PASS" starttime="20211018 12:43:49.552" endtime="20211018 12:43:50.507"/>
</kw>
<status status="PASS" starttime="20211018 12:43:25.851" endtime="20211018 12:43:50.507"/>
</test>
<test id="s1-t2" name="Deve acessar a tela de formulários">
<kw name="Open Session" library="base" type="SETUP">
<kw name="Set Appium Timeout" library="AppiumLibrary">
<arg>5</arg>
<doc>Sets the timeout in seconds used by various keywords.</doc>
<status status="PASS" starttime="20211018 12:43:50.509" endtime="20211018 12:43:50.509"/>
</kw>
<kw name="Open Application" library="AppiumLibrary">
<arg>http://localhost:4723/wd/hub</arg>
<arg>automationName=UiAutomator2</arg>
<arg>platformName=Android</arg>
<arg>deviceName= Emulator</arg>
<arg>app=${EXECDIR}/app/twp.apk</arg>
<doc>Opens a new application to given Appium server.
Capabilities of appium server, Android and iOS,
Please check https://github.com/appium/appium/blob/master/docs/en/writing-running-appium/server-args.md
| *Option*            | *Man.* | *Description*     |
| remote_url          | Yes    | Appium server url |
| alias               | no     | alias             |</doc>
<status status="PASS" starttime="20211018 12:43:50.510" endtime="20211018 12:44:07.405"/>
</kw>
<status status="PASS" starttime="20211018 12:43:50.509" endtime="20211018 12:44:07.405"/>
</kw>
<kw name="Get Started" library="base">
<kw name="Wait Until Page Contains" library="AppiumLibrary">
<arg>COMEÇAR</arg>
<doc>Waits until `text` appears on current page.</doc>
<status status="PASS" starttime="20211018 12:44:07.407" endtime="20211018 12:44:11.348"/>
</kw>
<kw name="Click Text" library="AppiumLibrary">
<arg>COMEÇAR</arg>
<doc>Click text identified by ``text``.</doc>
<status status="PASS" starttime="20211018 12:44:11.348" endtime="20211018 12:44:11.550"/>
</kw>
<status status="PASS" starttime="20211018 12:44:07.406" endtime="20211018 12:44:11.551"/>
</kw>
<kw name="Open Nav" library="base">
<kw name="Wait Until Element Is Visible" library="AppiumLibrary">
<arg>xpath=//android.widget.ImageButton[@content-desc="Open navigation drawer"]</arg>
<doc>Waits until element specified with `locator` is visible.</doc>
<status status="PASS" starttime="20211018 12:44:11.552" endtime="20211018 12:44:12.754"/>
</kw>
<kw name="Click Element" library="AppiumLibrary">
<arg>xpath=//android.widget.ImageButton[@content-desc="Open navigation drawer"]</arg>
<doc>Click element identified by `locator`.</doc>
<msg timestamp="20211018 12:44:12.755" level="INFO">Clicking element 'xpath=//android.widget.ImageButton[@content-desc="Open navigation drawer"]'.</msg>
<status status="PASS" starttime="20211018 12:44:12.754" endtime="20211018 12:44:12.846"/>
</kw>
<kw name="Wait Until Element Is Visible" library="AppiumLibrary">
<arg>id=io.qaninja.android.twp:id/navView</arg>
<doc>Waits until element specified with `locator` is visible.</doc>
<status status="PASS" starttime="20211018 12:44:12.847" endtime="20211018 12:44:13.878"/>
</kw>
<status status="PASS" starttime="20211018 12:44:11.551" endtime="20211018 12:44:13.878"/>
</kw>
<kw name="Click Text" library="AppiumLibrary">
<arg>FORMS</arg>
<doc>Click text identified by ``text``.</doc>
<status status="PASS" starttime="20211018 12:44:13.879" endtime="20211018 12:44:13.995"/>
</kw>
<kw name="Wait Until Element Is Visible" library="AppiumLibrary">
<arg>id=io.qaninja.android.twp:id/toolbarTitle</arg>
<doc>Waits until element specified with `locator` is visible.</doc>
<status status="PASS" starttime="20211018 12:44:13.996" endtime="20211018 12:44:14.978"/>
</kw>
<kw name="Element Text Should Be" library="AppiumLibrary">
<arg>id=io.qaninja.android.twp:id/toolbarTitle</arg>
<arg>FORMS</arg>
<doc>Verifies element identified by ``locator`` exactly contains text ``expected``.</doc>
<msg timestamp="20211018 12:44:14.980" level="INFO">Verifying element 'id=io.qaninja.android.twp:id/toolbarTitle' contains exactly text 'FORMS'.</msg>
<status status="PASS" starttime="20211018 12:44:14.979" endtime="20211018 12:44:15.021"/>
</kw>
<kw name="Close Session" library="base" type="TEARDOWN">
<kw name="Close Application" library="AppiumLibrary">
<doc>Closes the current application and also close webdriver session.</doc>
<status status="PASS" starttime="20211018 12:44:15.023" endtime="20211018 12:44:15.968"/>
</kw>
<status status="PASS" starttime="20211018 12:44:15.022" endtime="20211018 12:44:15.968"/>
</kw>
<status status="PASS" starttime="20211018 12:43:50.508" endtime="20211018 12:44:15.969"/>
</test>
<test id="s1-t3" name="Deve acessar a tela de vingadores">
<kw name="Open Session" library="base" type="SETUP">
<kw name="Set Appium Timeout" library="AppiumLibrary">
<arg>5</arg>
<doc>Sets the timeout in seconds used by various keywords.</doc>
<status status="PASS" starttime="20211018 12:44:15.970" endtime="20211018 12:44:15.971"/>
</kw>
<kw name="Open Application" library="AppiumLibrary">
<arg>http://localhost:4723/wd/hub</arg>
<arg>automationName=UiAutomator2</arg>
<arg>platformName=Android</arg>
<arg>deviceName= Emulator</arg>
<arg>app=${EXECDIR}/app/twp.apk</arg>
<doc>Opens a new application to given Appium server.
Capabilities of appium server, Android and iOS,
Please check https://github.com/appium/appium/blob/master/docs/en/writing-running-appium/server-args.md
| *Option*            | *Man.* | *Description*     |
| remote_url          | Yes    | Appium server url |
| alias               | no     | alias             |</doc>
<status status="PASS" starttime="20211018 12:44:15.971" endtime="20211018 12:44:33.403"/>
</kw>
<status status="PASS" starttime="20211018 12:44:15.970" endtime="20211018 12:44:33.403"/>
</kw>
<kw name="Get Started" library="base">
<kw name="Wait Until Page Contains" library="AppiumLibrary">
<arg>COMEÇAR</arg>
<doc>Waits until `text` appears on current page.</doc>
<status status="PASS" starttime="20211018 12:44:33.405" endtime="20211018 12:44:37.230"/>
</kw>
<kw name="Click Text" library="AppiumLibrary">
<arg>COMEÇAR</arg>
<doc>Click text identified by ``text``.</doc>
<status status="PASS" starttime="20211018 12:44:37.231" endtime="20211018 12:44:37.428"/>
</kw>
<status status="PASS" starttime="20211018 12:44:33.404" endtime="20211018 12:44:37.428"/>
</kw>
<kw name="Open Nav" library="base">
<kw name="Wait Until Element Is Visible" library="AppiumLibrary">
<arg>xpath=//android.widget.ImageButton[@content-desc="Open navigation drawer"]</arg>
<doc>Waits until element specified with `locator` is visible.</doc>
<status status="PASS" starttime="20211018 12:44:37.429" endtime="20211018 12:44:38.658"/>
</kw>
<kw name="Click Element" library="AppiumLibrary">
<arg>xpath=//android.widget.ImageButton[@content-desc="Open navigation drawer"]</arg>
<doc>Click element identified by `locator`.</doc>
<msg timestamp="20211018 12:44:38.660" level="INFO">Clicking element 'xpath=//android.widget.ImageButton[@content-desc="Open navigation drawer"]'.</msg>
<status status="PASS" starttime="20211018 12:44:38.658" endtime="20211018 12:44:38.766"/>
</kw>
<kw name="Wait Until Element Is Visible" library="AppiumLibrary">
<arg>id=io.qaninja.android.twp:id/navView</arg>
<doc>Waits until element specified with `locator` is visible.</doc>
<status status="PASS" starttime="20211018 12:44:38.766" endtime="20211018 12:44:39.891"/>
</kw>
<status status="PASS" starttime="20211018 12:44:37.428" endtime="20211018 12:44:39.891"/>
</kw>
<kw name="Click Text" library="AppiumLibrary">
<arg>AVENGERS</arg>
<doc>Click text identified by ``text``.</doc>
<status status="PASS" starttime="20211018 12:44:39.892" endtime="20211018 12:44:40.015"/>
</kw>
<kw name="Wait Until Element Is Visible" library="AppiumLibrary">
<arg>id=io.qaninja.android.twp:id/toolbarTitle</arg>
<doc>Waits until element specified with `locator` is visible.</doc>
<status status="PASS" starttime="20211018 12:44:40.016" endtime="20211018 12:44:41.015"/>
</kw>
<kw name="Element Text Should Be" library="AppiumLibrary">
<arg>id=io.qaninja.android.twp:id/toolbarTitle</arg>
<arg>AVENGERS</arg>
<doc>Verifies element identified by ``locator`` exactly contains text ``expected``.</doc>
<msg timestamp="20211018 12:44:41.018" level="INFO">Verifying element 'id=io.qaninja.android.twp:id/toolbarTitle' contains exactly text 'AVENGERS'.</msg>
<status status="PASS" starttime="20211018 12:44:41.016" endtime="20211018 12:44:41.065"/>
</kw>
<kw name="Close Session" library="base" type="TEARDOWN">
<kw name="Close Application" library="AppiumLibrary">
<doc>Closes the current application and also close webdriver session.</doc>
<status status="PASS" starttime="20211018 12:44:41.066" endtime="20211018 12:44:41.993"/>
</kw>
<status status="PASS" starttime="20211018 12:44:41.065" endtime="20211018 12:44:41.993"/>
</kw>
<status status="PASS" starttime="20211018 12:44:15.970" endtime="20211018 12:44:41.994"/>
</test>
<status status="PASS" starttime="20211018 12:43:25.673" endtime="20211018 12:44:41.996"/>
</suite>
<statistics>
<total>
<stat pass="3" fail="0" skip="0">All Tests</stat>
</total>
<tag>
</tag>
<suite>
<stat pass="3" fail="0" skip="0" id="s1" name="Nav">Nav</stat>
</suite>
</statistics>
<errors>
</errors>
</robot>
